nohup: ignoring input
Traceback (most recent call last):
  File "main.py", line 6, in <module>
    import torch
ModuleNotFoundError: No module named 'torch'
nohup: ignoring input
/home2/huangpeng/anaconda3/envs/py36/lib/python3.6/site-packages/tensorflow/python/framework/dtypes.py:516: FutureWarning: Passing (type, 1) or '1type' as a synonym of type is deprecated; in a future version of numpy, it will be understood as (type, (1,)) / '(1,)type'.
  _np_qint8 = np.dtype([("qint8", np.int8, 1)])
/home2/huangpeng/anaconda3/envs/py36/lib/python3.6/site-packages/tensorflow/python/framework/dtypes.py:517: FutureWarning: Passing (type, 1) or '1type' as a synonym of type is deprecated; in a future version of numpy, it will be understood as (type, (1,)) / '(1,)type'.
  _np_quint8 = np.dtype([("quint8", np.uint8, 1)])
/home2/huangpeng/anaconda3/envs/py36/lib/python3.6/site-packages/tensorflow/python/framework/dtypes.py:518: FutureWarning: Passing (type, 1) or '1type' as a synonym of type is deprecated; in a future version of numpy, it will be understood as (type, (1,)) / '(1,)type'.
  _np_qint16 = np.dtype([("qint16", np.int16, 1)])
/home2/huangpeng/anaconda3/envs/py36/lib/python3.6/site-packages/tensorflow/python/framework/dtypes.py:519: FutureWarning: Passing (type, 1) or '1type' as a synonym of type is deprecated; in a future version of numpy, it will be understood as (type, (1,)) / '(1,)type'.
  _np_quint16 = np.dtype([("quint16", np.uint16, 1)])
/home2/huangpeng/anaconda3/envs/py36/lib/python3.6/site-packages/tensorflow/python/framework/dtypes.py:520: FutureWarning: Passing (type, 1) or '1type' as a synonym of type is deprecated; in a future version of numpy, it will be understood as (type, (1,)) / '(1,)type'.
  _np_qint32 = np.dtype([("qint32", np.int32, 1)])
/home2/huangpeng/anaconda3/envs/py36/lib/python3.6/site-packages/tensorflow/python/framework/dtypes.py:525: FutureWarning: Passing (type, 1) or '1type' as a synonym of type is deprecated; in a future version of numpy, it will be understood as (type, (1,)) / '(1,)type'.
  np_resource = np.dtype([("resource", np.ubyte, 1)])
/home2/huangpeng/anaconda3/envs/py36/lib/python3.6/site-packages/tensorboard/compat/tensorflow_stub/dtypes.py:541: FutureWarning: Passing (type, 1) or '1type' as a synonym of type is deprecated; in a future version of numpy, it will be understood as (type, (1,)) / '(1,)type'.
  _np_qint8 = np.dtype([("qint8", np.int8, 1)])
/home2/huangpeng/anaconda3/envs/py36/lib/python3.6/site-packages/tensorboard/compat/tensorflow_stub/dtypes.py:542: FutureWarning: Passing (type, 1) or '1type' as a synonym of type is deprecated; in a future version of numpy, it will be understood as (type, (1,)) / '(1,)type'.
  _np_quint8 = np.dtype([("quint8", np.uint8, 1)])
/home2/huangpeng/anaconda3/envs/py36/lib/python3.6/site-packages/tensorboard/compat/tensorflow_stub/dtypes.py:543: FutureWarning: Passing (type, 1) or '1type' as a synonym of type is deprecated; in a future version of numpy, it will be understood as (type, (1,)) / '(1,)type'.
  _np_qint16 = np.dtype([("qint16", np.int16, 1)])
/home2/huangpeng/anaconda3/envs/py36/lib/python3.6/site-packages/tensorboard/compat/tensorflow_stub/dtypes.py:544: FutureWarning: Passing (type, 1) or '1type' as a synonym of type is deprecated; in a future version of numpy, it will be understood as (type, (1,)) / '(1,)type'.
  _np_quint16 = np.dtype([("quint16", np.uint16, 1)])
/home2/huangpeng/anaconda3/envs/py36/lib/python3.6/site-packages/tensorboard/compat/tensorflow_stub/dtypes.py:545: FutureWarning: Passing (type, 1) or '1type' as a synonym of type is deprecated; in a future version of numpy, it will be understood as (type, (1,)) / '(1,)type'.
  _np_qint32 = np.dtype([("qint32", np.int32, 1)])
/home2/huangpeng/anaconda3/envs/py36/lib/python3.6/site-packages/tensorboard/compat/tensorflow_stub/dtypes.py:550: FutureWarning: Passing (type, 1) or '1type' as a synonym of type is deprecated; in a future version of numpy, it will be understood as (type, (1,)) / '(1,)type'.
  np_resource = np.dtype([("resource", np.ubyte, 1)])
Euclidean
loading a file...../../data/Openea/D_W_100K_V1/ent_links_id
loading a file...../../data/Openea/D_W_100K_V1/test_links
loading a file...../../data/Openea/D_W_100K_V1/train_links
loading a file...../../data/Openea/D_W_100K_V1/valid_links
train ILL num: 20000,valid ILL num: 10000, test ILL num: 70000
train ILL | valid ILL |test ILL num: 100000
train ILL & valid ILL &test ILL num: 0
loading a (id2object)file...  ../../data/Openea/D_W_100K_V1/ent_ids_1
loading a (id2object)file...  ../../data/Openea/D_W_100K_V1/ent_ids_2
loading a file...../../data/Openea/D_W_100K_V1/ent_links_id
loading a file...../../data/Openea/D_W_100K_V1/test_links
loading a file...../../data/Openea/D_W_100K_V1/train_links
loading a file...../../data/Openea/D_W_100K_V1/valid_links
train ILL num: 20000,valid ILL num: 10000, test ILL num: 70000
train ILL | valid ILL |test ILL num: 100000
train ILL & valid ILL &test ILL num: 0
loading a (id2object)file...  ../../data/Openea/D_W_100K_V1/ent_ids_1
loading a (id2object)file...  ../../data/Openea/D_W_100K_V1/ent_ids_2
/home2/huangpeng/anaconda3/envs/py36/lib/python3.6/site-packages/torch/nn/_reduction.py:44: UserWarning: size_average and reduce args will be deprecated, please use reduction='mean' instead.
  warnings.warn(warning.format(ret))
In Batch_TrainData_Generator, train ill num: 20000
In Batch_TrainData_Generator, ent_ids1 num: 100000
In Batch_TrainData_Generator, ent_ids2 num: 100000
start training...
Entity Alignment:Hits@1: 0.00%Hits@10: 0.02%Hits@50: 0.09%MRR: 0.0002
test using time: 599.719
--------------------
+++++++++++
Epoch:  0
get candidate using time: 910.311
Epoch 0: loss 16858.183, using time 5999.780
Entity Alignment:Hits@1: 0.00%Hits@10: 0.12%Hits@50: 0.52%MRR: 0.0010
test using time: 76.402
--------------------
Entity Alignment:Hits@1: 0.00%Hits@10: 0.02%Hits@50: 0.08%MRR: 0.0002
test using time: 624.274
--------------------
+++++++++++
Epoch:  1
get candidate using time: 920.203
Epoch 1: loss 9550.317, using time 6107.819
Entity Alignment:Hits@1: 0.01%Hits@10: 0.10%Hits@50: 0.51%MRR: 0.0011
test using time: 76.672
--------------------
Entity Alignment:Hits@1: 0.00%Hits@10: 0.02%Hits@50: 0.09%MRR: 0.0002
test using time: 612.896
--------------------
+++++++++++
Epoch:  2
get candidate using time: 918.148
Epoch 2: loss 10049.430, using time 6058.406
Entity Alignment:Hits@1: 0.00%Hits@10: 0.11%Hits@50: 0.51%MRR: 0.0010
test using time: 76.180
--------------------
+++++++++++
Epoch:  3
get candidate using time: 918.197
Epoch 3: loss 21602.376, using time 6055.017
Entity Alignment:Hits@1: 0.00%Hits@10: 0.09%Hits@50: 0.36%MRR: 0.0008
test using time: 76.202
--------------------
+++++++++++
Epoch:  4
get candidate using time: 918.471
Epoch 4: loss 20919.513, using time 6066.632
Entity Alignment:Hits@1: 0.01%Hits@10: 0.14%Hits@50: 0.52%MRR: 0.0010
test using time: 76.358
--------------------
+++++++++++
Epoch:  5
get candidate using time: 917.791
Epoch 5: loss 29130.430, using time 6073.468
Entity Alignment:Hits@1: 0.00%Hits@10: 0.05%Hits@50: 0.52%MRR: 0.0008
test using time: 76.280
--------------------
get entity embedding using time 745.334
entity embedding shape:  (200000, 300)
Entity Alignment:Hits@1: 0.01%Hits@10: 0.07%Hits@50: 0.33%MRR: 0.0006
train_ill test using time: 6.530
--------------------
Entity Alignment:Hits@1: 0.01%Hits@10: 0.10%Hits@50: 0.51%MRR: 0.0011
valid_ill test using time: 1.362
--------------------
Entity Alignment:Hits@1: 0.00%Hits@10: 0.02%Hits@50: 0.09%MRR: 0.0002
test_ill test using time: 92.482
--------------------
loading a file...../../data/Openea/D_W_100K_V1/ent_links_id
loading a file...../../data/Openea/D_W_100K_V1/test_links
loading a file...../../data/Openea/D_W_100K_V1/train_links
loading a file...../../data/Openea/D_W_100K_V1/valid_links
train ILL num: 20000,valid ILL num: 10000, test ILL num: 70000
train ILL | valid ILL |test ILL num: 100000
train ILL & valid ILL &test ILL num: 0
loading a (id2object)file...  ../../data/Openea/D_W_100K_V1/ent_ids_1
loading a (id2object)file...  ../../data/Openea/D_W_100K_V1/ent_ids_2
loading attribute triples file from:  ../../data/Openea/D_W_100K_V1/attr_triples_1/2attr
loading attribute triples file from:  ../../data/Openea/D_W_100K_V1/attr_triples_2/2attr
In Batch_TrainData_Generator, train ill num: 20000
In Batch_TrainData_Generator, ent_ids1 num: 100000
In Batch_TrainData_Generator, ent_ids2 num: 100000
start training...
Entity Alignment:Hits@1: 2.63%Hits@10: 5.90%Hits@50: 9.39%MRR: 0.0377
test using time: 606.284
--------------------
+++++++++++
Epoch:  0
get candidate using time: 915.640
Epoch 0: loss 29105.843, using time 6090.678
Entity Alignment:Hits@1: 38.56%Hits@10: 52.28%Hits@50: 57.56%MRR: 0.4344
test using time: 76.437
--------------------
Entity Alignment:Hits@1: 28.82%Hits@10: 43.20%Hits@50: 50.71%MRR: 0.3386
test using time: 611.147
--------------------
+++++++++++
Epoch:  1
get candidate using time: 917.774
Epoch 1: loss 28242.671, using time 6042.518
Entity Alignment:Hits@1: 48.99%Hits@10: 57.08%Hits@50: 61.07%MRR: 0.5203
test using time: 77.263
--------------------
Entity Alignment:Hits@1: 41.23%Hits@10: 51.64%Hits@50: 55.72%MRR: 0.4497
test using time: 608.673
--------------------
+++++++++++
Epoch:  2
get candidate using time: 915.206
Epoch 2: loss 26010.982, using time 6046.972
Entity Alignment:Hits@1: 47.06%Hits@10: 56.92%Hits@50: 60.73%MRR: 0.5068
test using time: 76.617
--------------------
+++++++++++
Epoch:  3
get candidate using time: 913.866
Epoch 3: loss 20195.914, using time 6023.081
Entity Alignment:Hits@1: 52.75%Hits@10: 59.66%Hits@50: 63.97%MRR: 0.5540
test using time: 76.324
--------------------
Entity Alignment:Hits@1: 46.01%Hits@10: 55.06%Hits@50: 58.63%MRR: 0.4927
test using time: 607.917
--------------------
+++++++++++
Epoch:  4
get candidate using time: 910.511
Epoch 4: loss 19000.517, using time 6035.484
Entity Alignment:Hits@1: 47.48%Hits@10: 56.46%Hits@50: 60.17%MRR: 0.5076
test using time: 75.927
--------------------
+++++++++++
Epoch:  5
get candidate using time: 913.520
Epoch 5: loss 13146.033, using time 6041.282
Entity Alignment:Hits@1: 53.31%Hits@10: 60.33%Hits@50: 64.53%MRR: 0.5594
test using time: 76.006
--------------------
Entity Alignment:Hits@1: 47.02%Hits@10: 55.60%Hits@50: 59.08%MRR: 0.5018
test using time: 606.751
--------------------
+++++++++++
Epoch:  6
get candidate using time: 910.971
Epoch 6: loss 16335.945, using time 6030.756
Entity Alignment:Hits@1: 47.50%Hits@10: 56.59%Hits@50: 60.48%MRR: 0.5077
test using time: 76.171
--------------------
+++++++++++
Epoch:  7
get candidate using time: 915.068
Epoch 7: loss 13409.140, using time 6022.123
Entity Alignment:Hits@1: 53.32%Hits@10: 60.36%Hits@50: 64.42%MRR: 0.5596
test using time: 76.750
--------------------
Entity Alignment:Hits@1: 46.69%Hits@10: 55.56%Hits@50: 59.07%MRR: 0.4995
test using time: 610.103
--------------------
+++++++++++
Epoch:  8
get candidate using time: 916.688
Epoch 8: loss 15035.380, using time 6030.709
Entity Alignment:Hits@1: 46.79%Hits@10: 57.35%Hits@50: 61.47%MRR: 0.5055
test using time: 76.322
--------------------
+++++++++++
Epoch:  9
get candidate using time: 915.886
Epoch 9: loss 11452.004, using time 6024.194
Entity Alignment:Hits@1: 51.60%Hits@10: 58.82%Hits@50: 63.71%MRR: 0.5435
test using time: 76.456
--------------------
+++++++++++
Epoch:  10
get candidate using time: 917.929
Epoch 10: loss 14564.509, using time 6011.398
Entity Alignment:Hits@1: 50.93%Hits@10: 59.66%Hits@50: 64.00%MRR: 0.5417
test using time: 76.489
--------------------
+++++++++++
Epoch:  11
get candidate using time: 915.400
Epoch 11: loss 11220.398, using time 5897.359
Entity Alignment:Hits@1: 52.21%Hits@10: 59.39%Hits@50: 63.79%MRR: 0.5489
test using time: 76.503
--------------------
get entity embedding using time 747.410
entity embedding shape:  (200000, 300)
Entity Alignment:Hits@1: 48.45%Hits@10: 57.29%Hits@50: 61.08%MRR: 0.5173
train_ill test using time: 6.016
--------------------
Entity Alignment:Hits@1: 48.99%Hits@10: 57.08%Hits@50: 61.07%MRR: 0.5203
valid_ill test using time: 1.374
--------------------
Entity Alignment:Hits@1: 41.23%Hits@10: 51.64%Hits@50: 55.72%MRR: 0.4497
test_ill test using time: 82.091
--------------------
entity embedding shape:  (200000, 300)
Entity Alignment:Hits@1: 32.55%Hits@10: 43.53%Hits@50: 48.34%MRR: 0.3660
train_ill test using time: 4.376
--------------------
Entity Alignment:Hits@1: 33.95%Hits@10: 43.66%Hits@50: 48.69%MRR: 0.3762
valid_ill test using time: 1.536
--------------------
Entity Alignment:Hits@1: 25.74%Hits@10: 37.19%Hits@50: 42.58%MRR: 0.2983
test_ill test using time: 81.797
--------------------
