nohup: ignoring input
/home2/huangpeng/anaconda3/envs/py36/lib/python3.6/site-packages/tensorflow/python/framework/dtypes.py:516: FutureWarning: Passing (type, 1) or '1type' as a synonym of type is deprecated; in a future version of numpy, it will be understood as (type, (1,)) / '(1,)type'.
  _np_qint8 = np.dtype([("qint8", np.int8, 1)])
/home2/huangpeng/anaconda3/envs/py36/lib/python3.6/site-packages/tensorflow/python/framework/dtypes.py:517: FutureWarning: Passing (type, 1) or '1type' as a synonym of type is deprecated; in a future version of numpy, it will be understood as (type, (1,)) / '(1,)type'.
  _np_quint8 = np.dtype([("quint8", np.uint8, 1)])
/home2/huangpeng/anaconda3/envs/py36/lib/python3.6/site-packages/tensorflow/python/framework/dtypes.py:518: FutureWarning: Passing (type, 1) or '1type' as a synonym of type is deprecated; in a future version of numpy, it will be understood as (type, (1,)) / '(1,)type'.
  _np_qint16 = np.dtype([("qint16", np.int16, 1)])
/home2/huangpeng/anaconda3/envs/py36/lib/python3.6/site-packages/tensorflow/python/framework/dtypes.py:519: FutureWarning: Passing (type, 1) or '1type' as a synonym of type is deprecated; in a future version of numpy, it will be understood as (type, (1,)) / '(1,)type'.
  _np_quint16 = np.dtype([("quint16", np.uint16, 1)])
/home2/huangpeng/anaconda3/envs/py36/lib/python3.6/site-packages/tensorflow/python/framework/dtypes.py:520: FutureWarning: Passing (type, 1) or '1type' as a synonym of type is deprecated; in a future version of numpy, it will be understood as (type, (1,)) / '(1,)type'.
  _np_qint32 = np.dtype([("qint32", np.int32, 1)])
/home2/huangpeng/anaconda3/envs/py36/lib/python3.6/site-packages/tensorflow/python/framework/dtypes.py:525: FutureWarning: Passing (type, 1) or '1type' as a synonym of type is deprecated; in a future version of numpy, it will be understood as (type, (1,)) / '(1,)type'.
  np_resource = np.dtype([("resource", np.ubyte, 1)])
/home2/huangpeng/anaconda3/envs/py36/lib/python3.6/site-packages/tensorboard/compat/tensorflow_stub/dtypes.py:541: FutureWarning: Passing (type, 1) or '1type' as a synonym of type is deprecated; in a future version of numpy, it will be understood as (type, (1,)) / '(1,)type'.
  _np_qint8 = np.dtype([("qint8", np.int8, 1)])
/home2/huangpeng/anaconda3/envs/py36/lib/python3.6/site-packages/tensorboard/compat/tensorflow_stub/dtypes.py:542: FutureWarning: Passing (type, 1) or '1type' as a synonym of type is deprecated; in a future version of numpy, it will be understood as (type, (1,)) / '(1,)type'.
  _np_quint8 = np.dtype([("quint8", np.uint8, 1)])
/home2/huangpeng/anaconda3/envs/py36/lib/python3.6/site-packages/tensorboard/compat/tensorflow_stub/dtypes.py:543: FutureWarning: Passing (type, 1) or '1type' as a synonym of type is deprecated; in a future version of numpy, it will be understood as (type, (1,)) / '(1,)type'.
  _np_qint16 = np.dtype([("qint16", np.int16, 1)])
/home2/huangpeng/anaconda3/envs/py36/lib/python3.6/site-packages/tensorboard/compat/tensorflow_stub/dtypes.py:544: FutureWarning: Passing (type, 1) or '1type' as a synonym of type is deprecated; in a future version of numpy, it will be understood as (type, (1,)) / '(1,)type'.
  _np_quint16 = np.dtype([("quint16", np.uint16, 1)])
/home2/huangpeng/anaconda3/envs/py36/lib/python3.6/site-packages/tensorboard/compat/tensorflow_stub/dtypes.py:545: FutureWarning: Passing (type, 1) or '1type' as a synonym of type is deprecated; in a future version of numpy, it will be understood as (type, (1,)) / '(1,)type'.
  _np_qint32 = np.dtype([("qint32", np.int32, 1)])
/home2/huangpeng/anaconda3/envs/py36/lib/python3.6/site-packages/tensorboard/compat/tensorflow_stub/dtypes.py:550: FutureWarning: Passing (type, 1) or '1type' as a synonym of type is deprecated; in a future version of numpy, it will be understood as (type, (1,)) / '(1,)type'.
  np_resource = np.dtype([("resource", np.ubyte, 1)])
Euclidean
loading a file...../../data/Openea/D_Y_100K_V1/ent_links_id
loading a file...../../data/Openea/D_Y_100K_V1/test_links
loading a file...../../data/Openea/D_Y_100K_V1/train_links
loading a file...../../data/Openea/D_Y_100K_V1/valid_links
train ILL num: 20000,valid ILL num: 10000, test ILL num: 70000
train ILL | valid ILL |test ILL num: 100000
train ILL & valid ILL &test ILL num: 0
loading a (id2object)file...  ../../data/Openea/D_Y_100K_V1/ent_ids_1
loading a (id2object)file...  ../../data/Openea/D_Y_100K_V1/ent_ids_2
loading a file...../../data/Openea/D_Y_100K_V1/ent_links_id
loading a file...../../data/Openea/D_Y_100K_V1/test_links
loading a file...../../data/Openea/D_Y_100K_V1/train_links
loading a file...../../data/Openea/D_Y_100K_V1/valid_links
train ILL num: 20000,valid ILL num: 10000, test ILL num: 70000
train ILL | valid ILL |test ILL num: 100000
train ILL & valid ILL &test ILL num: 0
loading a (id2object)file...  ../../data/Openea/D_Y_100K_V1/ent_ids_1
loading a (id2object)file...  ../../data/Openea/D_Y_100K_V1/ent_ids_2
/home2/huangpeng/anaconda3/envs/py36/lib/python3.6/site-packages/torch/nn/_reduction.py:44: UserWarning: size_average and reduce args will be deprecated, please use reduction='mean' instead.
  warnings.warn(warning.format(ret))
In Batch_TrainData_Generator, train ill num: 20000
In Batch_TrainData_Generator, ent_ids1 num: 100000
In Batch_TrainData_Generator, ent_ids2 num: 100000
start training...
Entity Alignment:Hits@1: 99.94%Hits@10: 99.95%Hits@50: 99.96%MRR: 0.9995
test using time: 662.322
--------------------
+++++++++++
Epoch:  0
get candidate using time: 901.169
Epoch 0: loss 1203.843, using time 6113.864
Entity Alignment:Hits@1: 99.94%Hits@10: 99.94%Hits@50: 99.95%MRR: 0.9994
test using time: 76.439
--------------------
Entity Alignment:Hits@1: 99.95%Hits@10: 99.96%Hits@50: 99.96%MRR: 0.9995
test using time: 625.488
--------------------
+++++++++++
Epoch:  1
get candidate using time: 919.824
Epoch 1: loss 681.660, using time 5935.009
Entity Alignment:Hits@1: 99.95%Hits@10: 99.97%Hits@50: 99.97%MRR: 0.9995
test using time: 76.666
--------------------
Entity Alignment:Hits@1: 99.96%Hits@10: 99.96%Hits@50: 99.97%MRR: 0.9996
test using time: 622.899
--------------------
+++++++++++
Epoch:  2
get candidate using time: 915.875
Epoch 2: loss 387.242, using time 5924.451
Entity Alignment:Hits@1: 99.96%Hits@10: 99.97%Hits@50: 99.97%MRR: 0.9996
test using time: 76.805
--------------------
Entity Alignment:Hits@1: 99.96%Hits@10: 99.97%Hits@50: 99.97%MRR: 0.9996
test using time: 622.813
--------------------
+++++++++++
Epoch:  3
get candidate using time: 917.183
Epoch 3: loss 256.540, using time 5944.034
Entity Alignment:Hits@1: 99.95%Hits@10: 99.98%Hits@50: 99.98%MRR: 0.9996
test using time: 75.986
--------------------
+++++++++++
Epoch:  4
get candidate using time: 917.935
Epoch 4: loss 260.584, using time 5924.482
Entity Alignment:Hits@1: 99.95%Hits@10: 99.95%Hits@50: 99.97%MRR: 0.9995
test using time: 77.039
--------------------
+++++++++++
Epoch:  5
get candidate using time: 913.033
Epoch 5: loss 203.677, using time 5920.609
Entity Alignment:Hits@1: 99.94%Hits@10: 99.96%Hits@50: 99.97%MRR: 0.9995
test using time: 76.407
--------------------
+++++++++++
Epoch:  6
get candidate using time: 915.808
Epoch 6: loss 178.111, using time 6000.852
Entity Alignment:Hits@1: 99.95%Hits@10: 99.95%Hits@50: 99.97%MRR: 0.9995
test using time: 76.429
--------------------
get entity embedding using time 743.646
entity embedding shape:  (200000, 300)
Entity Alignment:Hits@1: 100.00%Hits@10: 100.00%Hits@50: 100.00%MRR: 1.0000
train_ill test using time: 7.711
--------------------
Entity Alignment:Hits@1: 99.96%Hits@10: 99.97%Hits@50: 99.97%MRR: 0.9996
valid_ill test using time: 1.777
--------------------
Entity Alignment:Hits@1: 99.96%Hits@10: 99.97%Hits@50: 99.97%MRR: 0.9996
test_ill test using time: 91.278
--------------------
loading a file...../../data/Openea/D_Y_100K_V1/ent_links_id
loading a file...../../data/Openea/D_Y_100K_V1/test_links
loading a file...../../data/Openea/D_Y_100K_V1/train_links
loading a file...../../data/Openea/D_Y_100K_V1/valid_links
train ILL num: 20000,valid ILL num: 10000, test ILL num: 70000
train ILL | valid ILL |test ILL num: 100000
train ILL & valid ILL &test ILL num: 0
loading a (id2object)file...  ../../data/Openea/D_Y_100K_V1/ent_ids_1
loading a (id2object)file...  ../../data/Openea/D_Y_100K_V1/ent_ids_2
loading attribute triples file from:  ../../data/Openea/D_Y_100K_V1/attr_triples_1/2attr
loading attribute triples file from:  ../../data/Openea/D_Y_100K_V1/attr_triples_2/2attr
In Batch_TrainData_Generator, train ill num: 20000
In Batch_TrainData_Generator, ent_ids1 num: 100000
In Batch_TrainData_Generator, ent_ids2 num: 100000
start training...
Entity Alignment:Hits@1: 3.51%Hits@10: 9.51%Hits@50: 16.65%MRR: 0.0560
test using time: 619.853
--------------------
+++++++++++
Epoch:  0
get candidate using time: 923.904
Epoch 0: loss 1143.894, using time 6028.895
Entity Alignment:Hits@1: 99.93%Hits@10: 100.00%Hits@50: 100.00%MRR: 0.9996
test using time: 77.214
--------------------
Entity Alignment:Hits@1: 99.67%Hits@10: 99.99%Hits@50: 99.99%MRR: 0.9982
test using time: 612.145
--------------------
+++++++++++
Epoch:  1
get candidate using time: 911.508
Epoch 1: loss 757.119, using time 5948.439
Entity Alignment:Hits@1: 99.98%Hits@10: 99.99%Hits@50: 99.99%MRR: 0.9998
test using time: 76.333
--------------------
Entity Alignment:Hits@1: 99.78%Hits@10: 99.99%Hits@50: 100.00%MRR: 0.9988
test using time: 611.115
--------------------
+++++++++++
Epoch:  2
get candidate using time: 917.317
Epoch 2: loss 410.577, using time 5957.680
Entity Alignment:Hits@1: 99.97%Hits@10: 99.99%Hits@50: 100.00%MRR: 0.9998
test using time: 76.092
--------------------
+++++++++++
Epoch:  3
get candidate using time: 913.447
Epoch 3: loss 312.419, using time 5912.818
Entity Alignment:Hits@1: 99.98%Hits@10: 100.00%Hits@50: 100.00%MRR: 0.9999
test using time: 75.943
--------------------
Entity Alignment:Hits@1: 99.87%Hits@10: 99.99%Hits@50: 100.00%MRR: 0.9993
test using time: 609.420
--------------------
+++++++++++
Epoch:  4
get candidate using time: 913.224
Epoch 4: loss 260.261, using time 5927.654
Entity Alignment:Hits@1: 99.97%Hits@10: 100.00%Hits@50: 100.00%MRR: 0.9999
test using time: 76.205
--------------------
+++++++++++
Epoch:  5
get candidate using time: 916.523
Epoch 5: loss 229.502, using time 5918.659
Entity Alignment:Hits@1: 99.99%Hits@10: 100.00%Hits@50: 100.00%MRR: 1.0000
test using time: 76.407
--------------------
Entity Alignment:Hits@1: 99.87%Hits@10: 99.99%Hits@50: 99.99%MRR: 0.9992
test using time: 610.066
--------------------
+++++++++++
Epoch:  6
get candidate using time: 913.554
Epoch 6: loss 190.954, using time 5907.451
Entity Alignment:Hits@1: 99.95%Hits@10: 99.99%Hits@50: 100.00%MRR: 0.9996
test using time: 76.386
--------------------
+++++++++++
Epoch:  7
get candidate using time: 917.650
Epoch 7: loss 198.710, using time 5917.431
Entity Alignment:Hits@1: 99.96%Hits@10: 99.99%Hits@50: 99.99%MRR: 0.9997
test using time: 76.346
--------------------
+++++++++++
Epoch:  8
get candidate using time: 918.937
Epoch 8: loss 130.755, using time 5896.452
Entity Alignment:Hits@1: 99.99%Hits@10: 99.99%Hits@50: 100.00%MRR: 0.9999
test using time: 76.367
--------------------
+++++++++++
Epoch:  9
get candidate using time: 918.878
Epoch 9: loss 138.200, using time 5902.356
Entity Alignment:Hits@1: 99.98%Hits@10: 99.98%Hits@50: 100.00%MRR: 0.9998
test using time: 76.225
--------------------
get entity embedding using time 746.624
entity embedding shape:  (200000, 300)
Entity Alignment:Hits@1: 99.95%Hits@10: 100.00%Hits@50: 100.00%MRR: 0.9998
train_ill test using time: 7.105
--------------------
Entity Alignment:Hits@1: 99.99%Hits@10: 100.00%Hits@50: 100.00%MRR: 1.0000
valid_ill test using time: 1.529
--------------------
Entity Alignment:Hits@1: 99.87%Hits@10: 99.99%Hits@50: 99.99%MRR: 0.9992
test_ill test using time: 93.444
--------------------
entity embedding shape:  (200000, 300)
Entity Alignment:Hits@1: 100.00%Hits@10: 100.00%Hits@50: 100.00%MRR: 1.0000
train_ill test using time: 5.850
--------------------
Entity Alignment:Hits@1: 99.96%Hits@10: 99.99%Hits@50: 100.00%MRR: 0.9997
valid_ill test using time: 2.010
--------------------
Entity Alignment:Hits@1: 99.96%Hits@10: 99.99%Hits@50: 99.99%MRR: 0.9997
test_ill test using time: 85.929
--------------------
