pnohup: ignoring input
/home2/huangpeng/anaconda3/envs/py36/lib/python3.6/site-packages/tensorflow/python/framework/dtypes.py:516: FutureWarning: Passing (type, 1) or '1type' as a synonym of type is deprecated; in a future version of numpy, it will be understood as (type, (1,)) / '(1,)type'.
  _np_qint8 = np.dtype([("qint8", np.int8, 1)])
/home2/huangpeng/anaconda3/envs/py36/lib/python3.6/site-packages/tensorflow/python/framework/dtypes.py:517: FutureWarning: Passing (type, 1) or '1type' as a synonym of type is deprecated; in a future version of numpy, it will be understood as (type, (1,)) / '(1,)type'.
  _np_quint8 = np.dtype([("quint8", np.uint8, 1)])
/home2/huangpeng/anaconda3/envs/py36/lib/python3.6/site-packages/tensorflow/python/framework/dtypes.py:518: FutureWarning: Passing (type, 1) or '1type' as a synonym of type is deprecated; in a future version of numpy, it will be understood as (type, (1,)) / '(1,)type'.
  _np_qint16 = np.dtype([("qint16", np.int16, 1)])
/home2/huangpeng/anaconda3/envs/py36/lib/python3.6/site-packages/tensorflow/python/framework/dtypes.py:519: FutureWarning: Passing (type, 1) or '1type' as a synonym of type is deprecated; in a future version of numpy, it will be understood as (type, (1,)) / '(1,)type'.
  _np_quint16 = np.dtype([("quint16", np.uint16, 1)])
/home2/huangpeng/anaconda3/envs/py36/lib/python3.6/site-packages/tensorflow/python/framework/dtypes.py:520: FutureWarning: Passing (type, 1) or '1type' as a synonym of type is deprecated; in a future version of numpy, it will be understood as (type, (1,)) / '(1,)type'.
  _np_qint32 = np.dtype([("qint32", np.int32, 1)])
/home2/huangpeng/anaconda3/envs/py36/lib/python3.6/site-packages/tensorflow/python/framework/dtypes.py:525: FutureWarning: Passing (type, 1) or '1type' as a synonym of type is deprecated; in a future version of numpy, it will be understood as (type, (1,)) / '(1,)type'.
  np_resource = np.dtype([("resource", np.ubyte, 1)])
/home2/huangpeng/anaconda3/envs/py36/lib/python3.6/site-packages/tensorboard/compat/tensorflow_stub/dtypes.py:541: FutureWarning: Passing (type, 1) or '1type' as a synonym of type is deprecated; in a future version of numpy, it will be understood as (type, (1,)) / '(1,)type'.
  _np_qint8 = np.dtype([("qint8", np.int8, 1)])
/home2/huangpeng/anaconda3/envs/py36/lib/python3.6/site-packages/tensorboard/compat/tensorflow_stub/dtypes.py:542: FutureWarning: Passing (type, 1) or '1type' as a synonym of type is deprecated; in a future version of numpy, it will be understood as (type, (1,)) / '(1,)type'.
  _np_quint8 = np.dtype([("quint8", np.uint8, 1)])
/home2/huangpeng/anaconda3/envs/py36/lib/python3.6/site-packages/tensorboard/compat/tensorflow_stub/dtypes.py:543: FutureWarning: Passing (type, 1) or '1type' as a synonym of type is deprecated; in a future version of numpy, it will be understood as (type, (1,)) / '(1,)type'.
  _np_qint16 = np.dtype([("qint16", np.int16, 1)])
/home2/huangpeng/anaconda3/envs/py36/lib/python3.6/site-packages/tensorboard/compat/tensorflow_stub/dtypes.py:544: FutureWarning: Passing (type, 1) or '1type' as a synonym of type is deprecated; in a future version of numpy, it will be understood as (type, (1,)) / '(1,)type'.
  _np_quint16 = np.dtype([("quint16", np.uint16, 1)])
/home2/huangpeng/anaconda3/envs/py36/lib/python3.6/site-packages/tensorboard/compat/tensorflow_stub/dtypes.py:545: FutureWarning: Passing (type, 1) or '1type' as a synonym of type is deprecated; in a future version of numpy, it will be understood as (type, (1,)) / '(1,)type'.
  _np_qint32 = np.dtype([("qint32", np.int32, 1)])
/home2/huangpeng/anaconda3/envs/py36/lib/python3.6/site-packages/tensorboard/compat/tensorflow_stub/dtypes.py:550: FutureWarning: Passing (type, 1) or '1type' as a synonym of type is deprecated; in a future version of numpy, it will be understood as (type, (1,)) / '(1,)type'.
  np_resource = np.dtype([("resource", np.ubyte, 1)])
Euclidean
loading a file...../../data/DBP15k/zh_en/ent_links_id
loading a file...../../data/DBP15k/zh_en/test_links
loading a file...../../data/DBP15k/zh_en/train_links
loading a file...../../data/DBP15k/zh_en/valid_links
train ILL num: 3000,valid ILL num: 1500, test ILL num: 10500
train ILL | valid ILL |test ILL num: 15000
train ILL & valid ILL &test ILL num: 0
loading a (id2object)file...  ../../data/DBP15k/zh_en/ent_ids_1
loading a (id2object)file...  ../../data/DBP15k/zh_en/ent_ids_2
entity embedding shape:  (38960, 300)
Entity Alignment:Hits@1: 99.67%Hits@10: 100.00%Hits@50: 100.00%MRR: 0.9982
train_ill test using time: 2.577
--------------------
Entity Alignment:Hits@1: 57.91%Hits@10: 79.12%Hits@50: 87.78%MRR: 0.6553
valid_ill test using time: 2.465
--------------------
Entity Alignment:Hits@1: 86.41%Hits@10: 95.26%Hits@50: 97.73%MRR: 0.8980
test_ill test using time: 2.530
--------------------
loading a file...../../data/DBP15k/ja_en/ent_links_id
loading a file...../../data/DBP15k/ja_en/test_links
loading a file...../../data/DBP15k/ja_en/train_links
loading a file...../../data/DBP15k/ja_en/valid_links
train ILL num: 3000,valid ILL num: 1500, test ILL num: 10500
train ILL | valid ILL |test ILL num: 15000
train ILL & valid ILL &test ILL num: 0
loading a (id2object)file...  ../../data/DBP15k/ja_en/ent_ids_1
loading a (id2object)file...  ../../data/DBP15k/ja_en/ent_ids_2
entity embedding shape:  (39594, 300)
Entity Alignment:Hits@1: 99.80%Hits@10: 100.00%Hits@50: 100.00%MRR: 0.9989
train_ill test using time: 0.375
--------------------
Entity Alignment:Hits@1: 75.44%Hits@10: 89.88%Hits@50: 94.62%MRR: 0.8079
valid_ill test using time: 2.529
--------------------
Entity Alignment:Hits@1: 86.90%Hits@10: 95.42%Hits@50: 97.59%MRR: 0.9003
test_ill test using time: 2.526
--------------------
loading a file...../../data/DBP15k/fr_en/ent_links_id
loading a file...../../data/DBP15k/fr_en/test_links
loading a file...../../data/DBP15k/fr_en/train_links
loading a file...../../data/DBP15k/fr_en/valid_links
train ILL num: 3000,valid ILL num: 1500, test ILL num: 10500
train ILL | valid ILL |test ILL num: 15000
train ILL & valid ILL &test ILL num: 0
loading a (id2object)file...  ../../data/DBP15k/fr_en/ent_ids_1
loading a (id2object)file...  ../../data/DBP15k/fr_en/ent_ids_2
entity embedding shape:  (39654, 300)
Entity Alignment:Hits@1: 99.67%Hits@10: 100.00%Hits@50: 100.00%MRR: 0.9983
train_ill test using time: 0.382
--------------------
Entity Alignment:Hits@1: 94.10%Hits@10: 98.04%Hits@50: 98.93%MRR: 0.9561
valid_ill test using time: 2.414
--------------------
Entity Alignment:Hits@1: 94.67%Hits@10: 99.24%Hits@50: 99.61%MRR: 0.9652
test_ill test using time: 2.535
--------------------
nohup: ignoring input
/home2/huangpeng/anaconda3/envs/py36/lib/python3.6/site-packages/tensorflow/python/framework/dtypes.py:516: FutureWarning: Passing (type, 1) or '1type' as a synonym of type is deprecated; in a future version of numpy, it will be understood as (type, (1,)) / '(1,)type'.
  _np_qint8 = np.dtype([("qint8", np.int8, 1)])
/home2/huangpeng/anaconda3/envs/py36/lib/python3.6/site-packages/tensorflow/python/framework/dtypes.py:517: FutureWarning: Passing (type, 1) or '1type' as a synonym of type is deprecated; in a future version of numpy, it will be understood as (type, (1,)) / '(1,)type'.
  _np_quint8 = np.dtype([("quint8", np.uint8, 1)])
/home2/huangpeng/anaconda3/envs/py36/lib/python3.6/site-packages/tensorflow/python/framework/dtypes.py:518: FutureWarning: Passing (type, 1) or '1type' as a synonym of type is deprecated; in a future version of numpy, it will be understood as (type, (1,)) / '(1,)type'.
  _np_qint16 = np.dtype([("qint16", np.int16, 1)])
/home2/huangpeng/anaconda3/envs/py36/lib/python3.6/site-packages/tensorflow/python/framework/dtypes.py:519: FutureWarning: Passing (type, 1) or '1type' as a synonym of type is deprecated; in a future version of numpy, it will be understood as (type, (1,)) / '(1,)type'.
  _np_quint16 = np.dtype([("quint16", np.uint16, 1)])
/home2/huangpeng/anaconda3/envs/py36/lib/python3.6/site-packages/tensorflow/python/framework/dtypes.py:520: FutureWarning: Passing (type, 1) or '1type' as a synonym of type is deprecated; in a future version of numpy, it will be understood as (type, (1,)) / '(1,)type'.
  _np_qint32 = np.dtype([("qint32", np.int32, 1)])
/home2/huangpeng/anaconda3/envs/py36/lib/python3.6/site-packages/tensorflow/python/framework/dtypes.py:525: FutureWarning: Passing (type, 1) or '1type' as a synonym of type is deprecated; in a future version of numpy, it will be understood as (type, (1,)) / '(1,)type'.
  np_resource = np.dtype([("resource", np.ubyte, 1)])
/home2/huangpeng/anaconda3/envs/py36/lib/python3.6/site-packages/tensorboard/compat/tensorflow_stub/dtypes.py:541: FutureWarning: Passing (type, 1) or '1type' as a synonym of type is deprecated; in a future version of numpy, it will be understood as (type, (1,)) / '(1,)type'.
  _np_qint8 = np.dtype([("qint8", np.int8, 1)])
/home2/huangpeng/anaconda3/envs/py36/lib/python3.6/site-packages/tensorboard/compat/tensorflow_stub/dtypes.py:542: FutureWarning: Passing (type, 1) or '1type' as a synonym of type is deprecated; in a future version of numpy, it will be understood as (type, (1,)) / '(1,)type'.
  _np_quint8 = np.dtype([("quint8", np.uint8, 1)])
/home2/huangpeng/anaconda3/envs/py36/lib/python3.6/site-packages/tensorboard/compat/tensorflow_stub/dtypes.py:543: FutureWarning: Passing (type, 1) or '1type' as a synonym of type is deprecated; in a future version of numpy, it will be understood as (type, (1,)) / '(1,)type'.
  _np_qint16 = np.dtype([("qint16", np.int16, 1)])
/home2/huangpeng/anaconda3/envs/py36/lib/python3.6/site-packages/tensorboard/compat/tensorflow_stub/dtypes.py:544: FutureWarning: Passing (type, 1) or '1type' as a synonym of type is deprecated; in a future version of numpy, it will be understood as (type, (1,)) / '(1,)type'.
  _np_quint16 = np.dtype([("quint16", np.uint16, 1)])
/home2/huangpeng/anaconda3/envs/py36/lib/python3.6/site-packages/tensorboard/compat/tensorflow_stub/dtypes.py:545: FutureWarning: Passing (type, 1) or '1type' as a synonym of type is deprecated; in a future version of numpy, it will be understood as (type, (1,)) / '(1,)type'.
  _np_qint32 = np.dtype([("qint32", np.int32, 1)])
/home2/huangpeng/anaconda3/envs/py36/lib/python3.6/site-packages/tensorboard/compat/tensorflow_stub/dtypes.py:550: FutureWarning: Passing (type, 1) or '1type' as a synonym of type is deprecated; in a future version of numpy, it will be understood as (type, (1,)) / '(1,)type'.
  np_resource = np.dtype([("resource", np.ubyte, 1)])
Euclidean
loading a file...../../data/Openea/EN_FR_100K_V1/ent_links_id
loading a file...../../data/Openea/EN_FR_100K_V1/test_links
loading a file...../../data/Openea/EN_FR_100K_V1/train_links
loading a file...../../data/Openea/EN_FR_100K_V1/valid_links
train ILL num: 20000,valid ILL num: 10000, test ILL num: 70000
train ILL | valid ILL |test ILL num: 100000
train ILL & valid ILL &test ILL num: 0
loading a (id2object)file...  ../../data/Openea/EN_FR_100K_V1/ent_ids_1
loading a (id2object)file...  ../../data/Openea/EN_FR_100K_V1/ent_ids_2
loading a file...../../data/Openea/EN_FR_100K_V1/ent_links_id
loading a file...../../data/Openea/EN_FR_100K_V1/test_links
loading a file...../../data/Openea/EN_FR_100K_V1/train_links
loading a file...../../data/Openea/EN_FR_100K_V1/valid_links
train ILL num: 20000,valid ILL num: 10000, test ILL num: 70000
train ILL | valid ILL |test ILL num: 100000
train ILL & valid ILL &test ILL num: 0
loading a (id2object)file...  ../../data/Openea/EN_FR_100K_V1/ent_ids_1
loading a (id2object)file...  ../../data/Openea/EN_FR_100K_V1/ent_ids_2
/home2/huangpeng/anaconda3/envs/py36/lib/python3.6/site-packages/torch/nn/_reduction.py:44: UserWarning: size_average and reduce args will be deprecated, please use reduction='mean' instead.
  warnings.warn(warning.format(ret))
In Batch_TrainData_Generator, train ill num: 20000
In Batch_TrainData_Generator, ent_ids1 num: 100000
In Batch_TrainData_Generator, ent_ids2 num: 100000
start training...
Entity Alignment:Hits@1: 64.90%Hits@10: 69.52%Hits@50: 73.63%MRR: 0.6648
test using time: 654.509
--------------------
+++++++++++
Epoch:  0
get candidate using time: 902.443
Epoch 0: loss 9402.004, using time 5716.936
Entity Alignment:Hits@1: 92.60%Hits@10: 95.27%Hits@50: 96.21%MRR: 0.9359
test using time: 76.357
--------------------
Entity Alignment:Hits@1: 89.41%Hits@10: 93.93%Hits@50: 95.17%MRR: 0.9110
test using time: 611.070
--------------------
+++++++++++
Epoch:  1
get candidate using time: 915.693
Epoch 1: loss 8971.532, using time 5710.930
Entity Alignment:Hits@1: 93.04%Hits@10: 95.60%Hits@50: 96.43%MRR: 0.9398
test using time: 76.677
--------------------
Entity Alignment:Hits@1: 90.49%Hits@10: 94.17%Hits@50: 95.35%MRR: 0.9187
test using time: 623.214
--------------------
+++++++++++
Epoch:  2
get candidate using time: 918.350
Epoch 2: loss 6550.352, using time 5733.261
Entity Alignment:Hits@1: 93.15%Hits@10: 95.43%Hits@50: 96.17%MRR: 0.9399
test using time: 76.518
--------------------
Entity Alignment:Hits@1: 90.44%Hits@10: 94.16%Hits@50: 95.26%MRR: 0.9184
test using time: 618.856
--------------------
+++++++++++
Epoch:  3
get candidate using time: 918.031
Epoch 3: loss 4113.701, using time 5757.545
Entity Alignment:Hits@1: 92.42%Hits@10: 95.13%Hits@50: 96.26%MRR: 0.9343
test using time: 76.144
--------------------
+++++++++++
Epoch:  4
get candidate using time: 917.522
Epoch 4: loss 3184.017, using time 5896.912
Entity Alignment:Hits@1: 93.41%Hits@10: 95.43%Hits@50: 96.29%MRR: 0.9415
test using time: 76.727
--------------------
Entity Alignment:Hits@1: 90.85%Hits@10: 94.41%Hits@50: 95.47%MRR: 0.9219
test using time: 610.978
--------------------
+++++++++++
Epoch:  5
get candidate using time: 917.499
Epoch 5: loss 2392.056, using time 5839.682
Entity Alignment:Hits@1: 93.56%Hits@10: 95.60%Hits@50: 96.39%MRR: 0.9432
test using time: 76.663
--------------------
Entity Alignment:Hits@1: 91.15%Hits@10: 94.41%Hits@50: 95.45%MRR: 0.9238
test using time: 610.032
--------------------
+++++++++++
Epoch:  6
get candidate using time: 915.291
Epoch 6: loss 2046.702, using time 5748.154
Entity Alignment:Hits@1: 93.54%Hits@10: 95.61%Hits@50: 96.24%MRR: 0.9432
test using time: 76.365
--------------------
Entity Alignment:Hits@1: 91.26%Hits@10: 94.52%Hits@50: 95.47%MRR: 0.9250
test using time: 610.675
--------------------
+++++++++++
Epoch:  7
get candidate using time: 915.513
Epoch 7: loss 1543.469, using time 5750.312
Entity Alignment:Hits@1: 93.68%Hits@10: 95.84%Hits@50: 96.55%MRR: 0.9449
test using time: 76.335
--------------------
Entity Alignment:Hits@1: 91.42%Hits@10: 94.61%Hits@50: 95.68%MRR: 0.9263
test using time: 609.207
--------------------
+++++++++++
Epoch:  8
get candidate using time: 914.930
Epoch 8: loss 1350.219, using time 5763.546
Entity Alignment:Hits@1: 93.60%Hits@10: 95.45%Hits@50: 96.40%MRR: 0.9431
test using time: 76.123
--------------------
+++++++++++
Epoch:  9
get candidate using time: 918.528
Epoch 9: loss 1094.411, using time 5845.160
Entity Alignment:Hits@1: 93.37%Hits@10: 95.51%Hits@50: 96.28%MRR: 0.9416
test using time: 77.143
--------------------
+++++++++++
Epoch:  10
get candidate using time: 918.140
Epoch 10: loss 1057.136, using time 5787.287
Entity Alignment:Hits@1: 93.46%Hits@10: 95.43%Hits@50: 96.31%MRR: 0.9424
test using time: 76.328
--------------------
+++++++++++
Epoch:  11
get candidate using time: 918.579
Epoch 11: loss 975.476, using time 5828.079
Entity Alignment:Hits@1: 93.43%Hits@10: 95.39%Hits@50: 96.25%MRR: 0.9419
test using time: 76.279
--------------------
get entity embedding using time 746.204
entity embedding shape:  (200000, 300)
Entity Alignment:Hits@1: 99.54%Hits@10: 100.00%Hits@50: 100.00%MRR: 0.9976
train_ill test using time: 6.873
--------------------
Entity Alignment:Hits@1: 93.68%Hits@10: 95.84%Hits@50: 96.55%MRR: 0.9449
valid_ill test using time: 1.498
--------------------
Entity Alignment:Hits@1: 91.42%Hits@10: 94.61%Hits@50: 95.68%MRR: 0.9263
test_ill test using time: 89.531
--------------------
loading a file...../../data/Openea/EN_FR_100K_V1/ent_links_id
loading a file...../../data/Openea/EN_FR_100K_V1/test_links
loading a file...../../data/Openea/EN_FR_100K_V1/train_links
loading a file...../../data/Openea/EN_FR_100K_V1/valid_links
train ILL num: 20000,valid ILL num: 10000, test ILL num: 70000
train ILL | valid ILL |test ILL num: 100000
train ILL & valid ILL &test ILL num: 0
loading a (id2object)file...  ../../data/Openea/EN_FR_100K_V1/ent_ids_1
loading a (id2object)file...  ../../data/Openea/EN_FR_100K_V1/ent_ids_2
loading attribute triples file from:  ../../data/Openea/EN_FR_100K_V1/attr_triples_1/2attr
loading attribute triples file from:  ../../data/Openea/EN_FR_100K_V1/attr_triples_2/2attr
True False True
In Batch_TrainData_Generator, train ill num: 20000
In Batch_TrainData_Generator, ent_ids1 num: 100000
In Batch_TrainData_Generator, ent_ids2 num: 100000
start training...
Entity Alignment:Hits@1: 10.02%Hits@10: 15.77%Hits@50: 22.07%MRR: 0.1207
test using time: 603.629
--------------------
+++++++++++
Epoch:  0
get candidate using time: 911.934
Epoch 0: loss 8816.100, using time 5872.244
Entity Alignment:Hits@1: 94.16%Hits@10: 96.81%Hits@50: 97.78%MRR: 0.9518
test using time: 76.305
--------------------
Entity Alignment:Hits@1: 90.58%Hits@10: 95.50%Hits@50: 96.76%MRR: 0.9249
test using time: 611.745
--------------------
+++++++++++
Epoch:  1
get candidate using time: 914.234
Epoch 1: loss 6662.070, using time 5822.267
Entity Alignment:Hits@1: 94.95%Hits@10: 97.02%Hits@50: 97.67%MRR: 0.9573
test using time: 76.074
--------------------
Entity Alignment:Hits@1: 92.43%Hits@10: 96.12%Hits@50: 97.05%MRR: 0.9387
test using time: 608.966
--------------------
+++++++++++
Epoch:  2
get candidate using time: 911.844
Epoch 2: loss 3807.464, using time 5875.255
Entity Alignment:Hits@1: 95.25%Hits@10: 97.22%Hits@50: 97.74%MRR: 0.9598
test using time: 76.102
--------------------
Entity Alignment:Hits@1: 92.74%Hits@10: 96.34%Hits@50: 97.22%MRR: 0.9414
test using time: 610.255
--------------------
+++++++++++
Epoch:  3
get candidate using time: 912.185
Epoch 3: loss 2795.354, using time 5838.307
Entity Alignment:Hits@1: 95.61%Hits@10: 97.36%Hits@50: 97.94%MRR: 0.9630
test using time: 76.301
--------------------
Entity Alignment:Hits@1: 93.44%Hits@10: 96.57%Hits@50: 97.35%MRR: 0.9466
test using time: 606.962
--------------------
+++++++++++
Epoch:  4
get candidate using time: 916.743
Epoch 4: loss 1898.243, using time 5816.698
Entity Alignment:Hits@1: 95.27%Hits@10: 97.06%Hits@50: 97.65%MRR: 0.9597
test using time: 76.161
--------------------
+++++++++++
Epoch:  5
get candidate using time: 914.465
Epoch 5: loss 1462.055, using time 5801.950
Entity Alignment:Hits@1: 95.27%Hits@10: 97.14%Hits@50: 97.67%MRR: 0.9598
test using time: 75.734
--------------------
+++++++++++
Epoch:  6
get candidate using time: 913.485
Epoch 6: loss 1238.180, using time 5799.760
Entity Alignment:Hits@1: 95.38%Hits@10: 97.10%Hits@50: 97.58%MRR: 0.9603
test using time: 75.819
--------------------
+++++++++++
Epoch:  7
get candidate using time: 912.282
Epoch 7: loss 1033.842, using time 5857.243
Entity Alignment:Hits@1: 95.51%Hits@10: 97.30%Hits@50: 97.92%MRR: 0.9616
test using time: 75.894
--------------------
get entity embedding using time 744.126
entity embedding shape:  (200000, 300)
Entity Alignment:Hits@1: 99.29%Hits@10: 100.00%Hits@50: 100.00%MRR: 0.9963
train_ill test using time: 6.290
--------------------
Entity Alignment:Hits@1: 95.61%Hits@10: 97.36%Hits@50: 97.94%MRR: 0.9630
valid_ill test using time: 1.569
--------------------
Entity Alignment:Hits@1: 93.44%Hits@10: 96.57%Hits@50: 97.35%MRR: 0.9466
test_ill test using time: 81.495
--------------------
entity embedding shape:  (200000, 300)
Entity Alignment:Hits@1: 99.60%Hits@10: 100.00%Hits@50: 100.00%MRR: 0.9979
train_ill test using time: 4.917
--------------------
Entity Alignment:Hits@1: 95.21%Hits@10: 97.09%Hits@50: 97.72%MRR: 0.9589
valid_ill test using time: 1.544
--------------------
Entity Alignment:Hits@1: 92.64%Hits@10: 96.00%Hits@50: 97.03%MRR: 0.9394
test_ill test using time: 85.331
--------------------
loading a file...../../data/Openea/D_W_100K_V1/ent_links_id
loading a file...../../data/Openea/D_W_100K_V1/test_links
loading a file...../../data/Openea/D_W_100K_V1/train_links
loading a file...../../data/Openea/D_W_100K_V1/valid_links
train ILL num: 20000,valid ILL num: 10000, test ILL num: 70000
train ILL | valid ILL |test ILL num: 100000
train ILL & valid ILL &test ILL num: 0
loading a (id2object)file...  ../../data/Openea/D_W_100K_V1/ent_ids_1
loading a (id2object)file...  ../../data/Openea/D_W_100K_V1/ent_ids_2
loading a file...../../data/Openea/D_W_100K_V1/ent_links_id
loading a file...../../data/Openea/D_W_100K_V1/test_links
loading a file...../../data/Openea/D_W_100K_V1/train_links
loading a file...../../data/Openea/D_W_100K_V1/valid_links
train ILL num: 20000,valid ILL num: 10000, test ILL num: 70000
train ILL | valid ILL |test ILL num: 100000
train ILL & valid ILL &test ILL num: 0
loading a (id2object)file...  ../../data/Openea/D_W_100K_V1/ent_ids_1
loading a (id2object)file...  ../../data/Openea/D_W_100K_V1/ent_ids_2
loading attribute triples file from:  ../../data/Openea/D_W_100K_V1/attr_triples_1/2attr
loading attribute triples file from:  ../../data/Openea/D_W_100K_V1/attr_triples_2/2attr
True False True
In Batch_TrainData_Generator, train ill num: 20000
In Batch_TrainData_Generator, ent_ids1 num: 100000
In Batch_TrainData_Generator, ent_ids2 num: 100000
start training...
Entity Alignment:Hits@1: 2.63%Hits@10: 5.90%Hits@50: 9.39%MRR: 0.0377
test using time: 600.914
--------------------
+++++++++++
Epoch:  0
get candidate using time: 911.691
Epoch 0: loss 29105.843, using time 6123.536
Entity Alignment:Hits@1: 38.56%Hits@10: 52.28%Hits@50: 57.56%MRR: 0.4344
test using time: 76.211
--------------------
Entity Alignment:Hits@1: 28.82%Hits@10: 43.20%Hits@50: 50.71%MRR: 0.3386
test using time: 605.385
--------------------
+++++++++++
Epoch:  1
get candidate using time: 910.169
Epoch 1: loss 28242.671, using time 5999.245
Entity Alignment:Hits@1: 48.99%Hits@10: 57.08%Hits@50: 61.07%MRR: 0.5203
test using time: 76.947
--------------------
Entity Alignment:Hits@1: 41.23%Hits@10: 51.64%Hits@50: 55.72%MRR: 0.4497
test using time: 601.671
--------------------
+++++++++++
Epoch:  2
get candidate using time: 909.065
Epoch 2: loss 26010.982, using time 5877.312
Entity Alignment:Hits@1: 47.06%Hits@10: 56.92%Hits@50: 60.73%MRR: 0.5068
test using time: 75.909
--------------------
+++++++++++
Epoch:  3
get candidate using time: 911.930
